-- The C compiler identification is GNU 13.2.0
-- The CXX compiler identification is GNU 13.2.0
-- Detecting C compiler ABI info
-- Detecting C compiler ABI info - done
-- Check for working C compiler: /usr/bin/cc - skipped
-- Detecting C compile features
-- Detecting C compile features - done
-- Detecting CXX compiler ABI info
-- Detecting CXX compiler ABI info - done
-- Check for working CXX compiler: /usr/bin/c++ - skipped
-- Detecting CXX compile features
-- Detecting CXX compile features - done
-- Found ament_cmake: 2.5.2 (/opt/ros/jazzy/share/ament_cmake/cmake)
-- Found Python3: /usr/bin/python3 (found version "3.12.3") found components: Interpreter 
-- Found std_msgs: 5.3.5 (/opt/ros/jazzy/share/std_msgs/cmake)
-- Found rosidl_generator_c: 4.6.4 (/opt/ros/jazzy/share/rosidl_generator_c/cmake)
-- Found rosidl_generator_cpp: 4.6.4 (/opt/ros/jazzy/share/rosidl_generator_cpp/cmake)
-- Using all available rosidl_typesupport_c: rosidl_typesupport_fastrtps_c;rosidl_typesupport_introspection_c
-- Using all available rosidl_typesupport_cpp: rosidl_typesupport_fastrtps_cpp;rosidl_typesupport_introspection_cpp
-- Found rosidl_default_generators: 1.6.0 (/opt/ros/jazzy/share/rosidl_default_generators/cmake)
-- Found rosidl_adapter: 4.6.4 (/opt/ros/jazzy/share/rosidl_adapter/cmake)
-- Found ament_cmake_ros: 0.12.0 (/opt/ros/jazzy/share/ament_cmake_ros/cmake)
-- Using all available rosidl_typesupport_c: rosidl_typesupport_fastrtps_c;rosidl_typesupport_introspection_c
-- Using all available rosidl_typesupport_cpp: rosidl_typesupport_fastrtps_cpp;rosidl_typesupport_introspection_cpp
-- Found python_cmake_module: 0.11.1 (/opt/ros/jazzy/share/python_cmake_module/cmake)
-- Found PythonExtra: /usr/bin/python3  
-- Found Python3: /usr/bin/python3 (found version "3.12.3") found components: Interpreter Development NumPy Development.Module Development.Embed 
-- Found ament_lint_auto: 0.17.1 (/opt/ros/jazzy/share/ament_lint_auto/cmake)
-- Added test 'copyright' to check source files copyright and LICENSE
-- Added test 'lint_cmake' to check CMake code style
-- Added test 'xmllint' to check XML markup files
-- Configuring done (9.6s)
-- Generating done (0.1s)
-- Build files have been written to: /home/damian/ros2_controller_ws/build/ros_robot_controller_msgs
[  1%] [34m[1mGenerating type hashes for ROS interfaces[0m
[  1%] Built target ament_cmake_python_copy_ros_robot_controller_msgs
running egg_info
creating ros_robot_controller_msgs.egg-info
writing ros_robot_controller_msgs.egg-info/PKG-INFO
writing dependency_links to ros_robot_controller_msgs.egg-info/dependency_links.txt
writing top-level names to ros_robot_controller_msgs.egg-info/top_level.txt
writing manifest file 'ros_robot_controller_msgs.egg-info/SOURCES.txt'
reading manifest file 'ros_robot_controller_msgs.egg-info/SOURCES.txt'
writing manifest file 'ros_robot_controller_msgs.egg-info/SOURCES.txt'
[  1%] Built target ament_cmake_python_build_ros_robot_controller_msgs_egg
[  1%] Built target ros_robot_controller_msgs__rosidl_generator_type_description
[  2%] [34m[1mGenerating C code for ROS interfaces[0m
[  2%] [34m[1mGenerating C++ code for ROS interfaces[0m
[  2%] Built target ros_robot_controller_msgs__cpp
[  2%] [32mBuilding C object CMakeFiles/ros_robot_controller_msgs__rosidl_generator_c.dir/rosidl_generator_c/ros_robot_controller_msgs/msg/detail/bus_servo_state__description.c.o[0m
[  3%] [32mBuilding C object CMakeFiles/ros_robot_controller_msgs__rosidl_generator_c.dir/rosidl_generator_c/ros_robot_controller_msgs/msg/detail/button_state__description.c.o[0m
[  3%] [32mBuilding C object CMakeFiles/ros_robot_controller_msgs__rosidl_generator_c.dir/rosidl_generator_c/ros_robot_controller_msgs/msg/detail/button_state__functions.c.o[0m
[  4%] [32mBuilding C object CMakeFiles/ros_robot_controller_msgs__rosidl_generator_c.dir/rosidl_generator_c/ros_robot_controller_msgs/msg/detail/button_state__type_support.c.o[0m
[  4%] [32mBuilding C object CMakeFiles/ros_robot_controller_msgs__rosidl_generator_c.dir/rosidl_generator_c/ros_robot_controller_msgs/msg/detail/buzzer_state__description.c.o[0m
[  5%] [32mBuilding C object CMakeFiles/ros_robot_controller_msgs__rosidl_generator_c.dir/rosidl_generator_c/ros_robot_controller_msgs/msg/detail/buzzer_state__functions.c.o[0m
[  5%] [32mBuilding C object CMakeFiles/ros_robot_controller_msgs__rosidl_generator_c.dir/rosidl_generator_c/ros_robot_controller_msgs/msg/detail/buzzer_state__type_support.c.o[0m
[  6%] [32mBuilding C object CMakeFiles/ros_robot_controller_msgs__rosidl_generator_c.dir/rosidl_generator_c/ros_robot_controller_msgs/msg/detail/led_state__description.c.o[0m
[  6%] [32mBuilding C object CMakeFiles/ros_robot_controller_msgs__rosidl_generator_c.dir/rosidl_generator_c/ros_robot_controller_msgs/msg/detail/led_state__functions.c.o[0m
[  7%] [32mBuilding C object CMakeFiles/ros_robot_controller_msgs__rosidl_generator_c.dir/rosidl_generator_c/ros_robot_controller_msgs/msg/detail/led_state__type_support.c.o[0m
[  7%] [32mBuilding C object CMakeFiles/ros_robot_controller_msgs__rosidl_generator_c.dir/rosidl_generator_c/ros_robot_controller_msgs/msg/detail/motor_state__description.c.o[0m
[  7%] [32mBuilding C object CMakeFiles/ros_robot_controller_msgs__rosidl_generator_c.dir/rosidl_generator_c/ros_robot_controller_msgs/msg/detail/motor_state__functions.c.o[0m
[  8%] [32mBuilding C object CMakeFiles/ros_robot_controller_msgs__rosidl_generator_c.dir/rosidl_generator_c/ros_robot_controller_msgs/msg/detail/motor_state__type_support.c.o[0m
[  8%] [32mBuilding C object CMakeFiles/ros_robot_controller_msgs__rosidl_generator_c.dir/rosidl_generator_c/ros_robot_controller_msgs/msg/detail/motors_state__description.c.o[0m
[  9%] [32mBuilding C object CMakeFiles/ros_robot_controller_msgs__rosidl_generator_c.dir/rosidl_generator_c/ros_robot_controller_msgs/msg/detail/motors_state__functions.c.o[0m
[  9%] [32mBuilding C object CMakeFiles/ros_robot_controller_msgs__rosidl_generator_c.dir/rosidl_generator_c/ros_robot_controller_msgs/msg/detail/motors_state__type_support.c.o[0m
[ 10%] [32mBuilding C object CMakeFiles/ros_robot_controller_msgs__rosidl_generator_c.dir/rosidl_generator_c/ros_robot_controller_msgs/msg/detail/pwm_servo_state__description.c.o[0m
[ 10%] [32mBuilding C object CMakeFiles/ros_robot_controller_msgs__rosidl_generator_c.dir/rosidl_generator_c/ros_robot_controller_msgs/msg/detail/pwm_servo_state__functions.c.o[0m
[ 11%] [32mBuilding C object CMakeFiles/ros_robot_controller_msgs__rosidl_generator_c.dir/rosidl_generator_c/ros_robot_controller_msgs/msg/detail/pwm_servo_state__type_support.c.o[0m
[ 11%] [32mBuilding C object CMakeFiles/ros_robot_controller_msgs__rosidl_generator_c.dir/rosidl_generator_c/ros_robot_controller_msgs/msg/detail/sbus__description.c.o[0m
[ 12%] [32mBuilding C object CMakeFiles/ros_robot_controller_msgs__rosidl_generator_c.dir/rosidl_generator_c/ros_robot_controller_msgs/msg/detail/sbus__functions.c.o[0m
[ 12%] [32mBuilding C object CMakeFiles/ros_robot_controller_msgs__rosidl_generator_c.dir/rosidl_generator_c/ros_robot_controller_msgs/msg/detail/sbus__type_support.c.o[0m
[ 13%] [32mBuilding C object CMakeFiles/ros_robot_controller_msgs__rosidl_generator_c.dir/rosidl_generator_c/ros_robot_controller_msgs/msg/detail/oled_state__description.c.o[0m
[ 13%] [32mBuilding C object CMakeFiles/ros_robot_controller_msgs__rosidl_generator_c.dir/rosidl_generator_c/ros_robot_controller_msgs/msg/detail/oled_state__functions.c.o[0m
[ 14%] [32mBuilding C object CMakeFiles/ros_robot_controller_msgs__rosidl_generator_c.dir/rosidl_generator_c/ros_robot_controller_msgs/msg/detail/oled_state__type_support.c.o[0m
[ 14%] [32mBuilding C object CMakeFiles/ros_robot_controller_msgs__rosidl_generator_c.dir/rosidl_generator_c/ros_robot_controller_msgs/msg/detail/set_bus_servo_state__description.c.o[0m
[ 14%] [32mBuilding C object CMakeFiles/ros_robot_controller_msgs__rosidl_generator_c.dir/rosidl_generator_c/ros_robot_controller_msgs/msg/detail/set_bus_servo_state__functions.c.o[0m
[ 15%] [32mBuilding C object CMakeFiles/ros_robot_controller_msgs__rosidl_generator_c.dir/rosidl_generator_c/ros_robot_controller_msgs/msg/detail/set_bus_servo_state__type_support.c.o[0m
[ 15%] [32mBuilding C object CMakeFiles/ros_robot_controller_msgs__rosidl_generator_c.dir/rosidl_generator_c/ros_robot_controller_msgs/msg/detail/rgb_states__description.c.o[0m
[ 16%] [32mBuilding C object CMakeFiles/ros_robot_controller_msgs__rosidl_generator_c.dir/rosidl_generator_c/ros_robot_controller_msgs/msg/detail/rgb_states__functions.c.o[0m
[ 16%] [32mBuilding C object CMakeFiles/ros_robot_controller_msgs__rosidl_generator_c.dir/rosidl_generator_c/ros_robot_controller_msgs/msg/detail/rgb_states__type_support.c.o[0m
[ 17%] [32mBuilding C object CMakeFiles/ros_robot_controller_msgs__rosidl_generator_c.dir/rosidl_generator_c/ros_robot_controller_msgs/msg/detail/rgb_state__description.c.o[0m
[ 17%] [32mBuilding C object CMakeFiles/ros_robot_controller_msgs__rosidl_generator_c.dir/rosidl_generator_c/ros_robot_controller_msgs/msg/detail/rgb_state__functions.c.o[0m
[ 18%] [32mBuilding C object CMakeFiles/ros_robot_controller_msgs__rosidl_generator_c.dir/rosidl_generator_c/ros_robot_controller_msgs/msg/detail/rgb_state__type_support.c.o[0m
[ 18%] [32mBuilding C object CMakeFiles/ros_robot_controller_msgs__rosidl_generator_c.dir/rosidl_generator_c/ros_robot_controller_msgs/msg/detail/servo_position__description.c.o[0m
[ 19%] [32mBuilding C object CMakeFiles/ros_robot_controller_msgs__rosidl_generator_c.dir/rosidl_generator_c/ros_robot_controller_msgs/msg/detail/servo_position__functions.c.o[0m
[ 19%] [32mBuilding C object CMakeFiles/ros_robot_controller_msgs__rosidl_generator_c.dir/rosidl_generator_c/ros_robot_controller_msgs/msg/detail/servo_position__type_support.c.o[0m
[ 20%] [32mBuilding C object CMakeFiles/ros_robot_controller_msgs__rosidl_generator_c.dir/rosidl_generator_c/ros_robot_controller_msgs/msg/detail/servos_position__description.c.o[0m
[ 20%] [32mBuilding C object CMakeFiles/ros_robot_controller_msgs__rosidl_generator_c.dir/rosidl_generator_c/ros_robot_controller_msgs/msg/detail/servos_position__functions.c.o[0m
[ 21%] [32mBuilding C object CMakeFiles/ros_robot_controller_msgs__rosidl_generator_c.dir/rosidl_generator_c/ros_robot_controller_msgs/msg/detail/servos_position__type_support.c.o[0m
[ 21%] [32mBuilding C object CMakeFiles/ros_robot_controller_msgs__rosidl_generator_c.dir/rosidl_generator_c/ros_robot_controller_msgs/msg/detail/set_pwm_servo_state__description.c.o[0m
[ 21%] [32mBuilding C object CMakeFiles/ros_robot_controller_msgs__rosidl_generator_c.dir/rosidl_generator_c/ros_robot_controller_msgs/msg/detail/set_pwm_servo_state__functions.c.o[0m
[ 22%] [32mBuilding C object CMakeFiles/ros_robot_controller_msgs__rosidl_generator_c.dir/rosidl_generator_c/ros_robot_controller_msgs/msg/detail/set_pwm_servo_state__type_support.c.o[0m
[ 22%] [32mBuilding C object CMakeFiles/ros_robot_controller_msgs__rosidl_generator_c.dir/rosidl_generator_c/ros_robot_controller_msgs/msg/detail/get_bus_servo_cmd__description.c.o[0m
[ 23%] [32mBuilding C object CMakeFiles/ros_robot_controller_msgs__rosidl_generator_c.dir/rosidl_generator_c/ros_robot_controller_msgs/msg/detail/get_bus_servo_cmd__functions.c.o[0m
[ 23%] [32mBuilding C object CMakeFiles/ros_robot_controller_msgs__rosidl_generator_c.dir/rosidl_generator_c/ros_robot_controller_msgs/msg/detail/get_bus_servo_cmd__type_support.c.o[0m
[ 24%] [32mBuilding C object CMakeFiles/ros_robot_controller_msgs__rosidl_generator_c.dir/rosidl_generator_c/ros_robot_controller_msgs/msg/detail/get_pwm_servo_cmd__description.c.o[0m
[ 24%] [32mBuilding C object CMakeFiles/ros_robot_controller_msgs__rosidl_generator_c.dir/rosidl_generator_c/ros_robot_controller_msgs/msg/detail/get_pwm_servo_cmd__functions.c.o[0m
[ 25%] [32mBuilding C object CMakeFiles/ros_robot_controller_msgs__rosidl_generator_c.dir/rosidl_generator_c/ros_robot_controller_msgs/msg/detail/get_pwm_servo_cmd__type_support.c.o[0m
[ 25%] [32mBuilding C object CMakeFiles/ros_robot_controller_msgs__rosidl_generator_c.dir/rosidl_generator_c/ros_robot_controller_msgs/srv/detail/get_bus_servo_state__description.c.o[0m
[ 26%] [32mBuilding C object CMakeFiles/ros_robot_controller_msgs__rosidl_generator_c.dir/rosidl_generator_c/ros_robot_controller_msgs/srv/detail/get_bus_servo_state__functions.c.o[0m
[ 26%] [32mBuilding C object CMakeFiles/ros_robot_controller_msgs__rosidl_generator_c.dir/rosidl_generator_c/ros_robot_controller_msgs/srv/detail/get_bus_servo_state__type_support.c.o[0m
[ 27%] [32mBuilding C object CMakeFiles/ros_robot_controller_msgs__rosidl_generator_c.dir/rosidl_generator_c/ros_robot_controller_msgs/srv/detail/get_pwm_servo_state__description.c.o[0m
[ 27%] [32mBuilding C object CMakeFiles/ros_robot_controller_msgs__rosidl_generator_c.dir/rosidl_generator_c/ros_robot_controller_msgs/srv/detail/get_pwm_servo_state__functions.c.o[0m
[ 28%] [32mBuilding C object CMakeFiles/ros_robot_controller_msgs__rosidl_generator_c.dir/rosidl_generator_c/ros_robot_controller_msgs/srv/detail/get_pwm_servo_state__type_support.c.o[0m
[ 28%] [32mBuilding C object CMakeFiles/ros_robot_controller_msgs__rosidl_generator_c.dir/rosidl_generator_c/ros_robot_controller_msgs/msg/detail/bus_servo_state__type_support.c.o[0m
[ 29%] [32mBuilding C object CMakeFiles/ros_robot_controller_msgs__rosidl_generator_c.dir/rosidl_generator_c/ros_robot_controller_msgs/msg/detail/bus_servo_state__functions.c.o[0m
[ 29%] [32m[1mLinking C shared library libros_robot_controller_msgs__rosidl_generator_c.so[0m
