[0.380s] DEBUG:colcon:Command line arguments: ['/usr/bin/colcon', 'build']
[0.380s] DEBUG:colcon:Parsed command line arguments: Namespace(log_base=None, log_level=None, verb_name='build', build_base='build', install_base='install', merge_install=False, symlink_install=False, test_result_base=None, continue_on_error=False, executor='parallel', parallel_workers=4, event_handlers=None, ignore_user_meta=False, metas=['./colcon.meta'], base_paths=['.'], packages_ignore=None, packages_ignore_regex=None, paths=None, packages_up_to=None, packages_up_to_regex=None, packages_above=None, packages_above_and_dependencies=None, packages_above_depth=None, packages_select_by_dep=None, packages_skip_by_dep=None, packages_skip_up_to=None, packages_select_build_failed=False, packages_skip_build_finished=False, packages_select_test_failures=False, packages_skip_test_passed=False, packages_select=None, packages_skip=None, packages_select_regex=None, packages_skip_regex=None, packages_start=None, packages_end=None, allow_overriding=[], cmake_args=None, cmake_target=None, cmake_target_skip_unavailable=False, cmake_clean_cache=False, cmake_clean_first=False, cmake_force_configure=False, ament_cmake_args=None, catkin_cmake_args=None, catkin_skip_building_tests=False, mixin_files=None, mixin=None, verb_parser=<colcon_mixin.mixin.mixin_argument.MixinArgumentDecorator object at 0xffff937eddf0>, verb_extension=<colcon_core.verb.build.BuildVerb object at 0xffff939acc50>, main=<bound method BuildVerb.main of <colcon_core.verb.build.BuildVerb object at 0xffff939acc50>>, mixin_verb=('build',))
[0.507s] Level 1:colcon.colcon_core.package_discovery:discover_packages(colcon_meta) check parameters
[0.507s] Level 1:colcon.colcon_core.package_discovery:discover_packages(recursive) check parameters
[0.508s] Level 1:colcon.colcon_core.package_discovery:discover_packages(ignore) check parameters
[0.508s] Level 1:colcon.colcon_core.package_discovery:discover_packages(path) check parameters
[0.508s] Level 1:colcon.colcon_core.package_discovery:discover_packages(colcon_meta) discover
[0.508s] Level 1:colcon.colcon_core.package_discovery:discover_packages(recursive) discover
[0.508s] INFO:colcon.colcon_core.package_discovery:Crawling recursively for packages in '/home/damian/ros2_controller_ws'
[0.509s] Level 1:colcon.colcon_core.package_identification:_identify(.) by extensions ['ignore', 'ignore_ament_install']
[0.509s] Level 1:colcon.colcon_core.package_identification:_identify(.) by extension 'ignore'
[0.509s] Level 1:colcon.colcon_core.package_identification:_identify(.) by extension 'ignore_ament_install'
[0.510s] Level 1:colcon.colcon_core.package_identification:_identify(.) by extensions ['colcon_pkg']
[0.510s] Level 1:colcon.colcon_core.package_identification:_identify(.) by extension 'colcon_pkg'
[0.510s] Level 1:colcon.colcon_core.package_identification:_identify(.) by extensions ['colcon_meta']
[0.510s] Level 1:colcon.colcon_core.package_identification:_identify(.) by extension 'colcon_meta'
[0.510s] Level 1:colcon.colcon_core.package_identification:_identify(.) by extensions ['ros']
[0.510s] Level 1:colcon.colcon_core.package_identification:_identify(.) by extension 'ros'
[0.591s] Level 1:colcon.colcon_core.package_identification:_identify(.) by extensions ['cmake', 'python']
[0.592s] Level 1:colcon.colcon_core.package_identification:_identify(.) by extension 'cmake'
[0.592s] Level 1:colcon.colcon_core.package_identification:_identify(.) by extension 'python'
[0.592s] Level 1:colcon.colcon_core.package_identification:_identify(.) by extensions ['python_setup_py']
[0.592s] Level 1:colcon.colcon_core.package_identification:_identify(.) by extension 'python_setup_py'
[0.593s] Level 1:colcon.colcon_core.package_identification:_identify(build) by extensions ['ignore', 'ignore_ament_install']
[0.593s] Level 1:colcon.colcon_core.package_identification:_identify(build) by extension 'ignore'
[0.593s] Level 1:colcon.colcon_core.package_identification:_identify(build) ignored
[0.594s] Level 1:colcon.colcon_core.package_identification:_identify(install) by extensions ['ignore', 'ignore_ament_install']
[0.594s] Level 1:colcon.colcon_core.package_identification:_identify(install) by extension 'ignore'
[0.594s] Level 1:colcon.colcon_core.package_identification:_identify(install) ignored
[0.595s] Level 1:colcon.colcon_core.package_identification:_identify(log) by extensions ['ignore', 'ignore_ament_install']
[0.595s] Level 1:colcon.colcon_core.package_identification:_identify(log) by extension 'ignore'
[0.595s] Level 1:colcon.colcon_core.package_identification:_identify(log) ignored
[0.595s] Level 1:colcon.colcon_core.package_identification:_identify(src) by extensions ['ignore', 'ignore_ament_install']
[0.596s] Level 1:colcon.colcon_core.package_identification:_identify(src) by extension 'ignore'
[0.596s] Level 1:colcon.colcon_core.package_identification:_identify(src) by extension 'ignore_ament_install'
[0.596s] Level 1:colcon.colcon_core.package_identification:_identify(src) by extensions ['colcon_pkg']
[0.596s] Level 1:colcon.colcon_core.package_identification:_identify(src) by extension 'colcon_pkg'
[0.596s] Level 1:colcon.colcon_core.package_identification:_identify(src) by extensions ['colcon_meta']
[0.597s] Level 1:colcon.colcon_core.package_identification:_identify(src) by extension 'colcon_meta'
[0.597s] Level 1:colcon.colcon_core.package_identification:_identify(src) by extensions ['ros']
[0.597s] Level 1:colcon.colcon_core.package_identification:_identify(src) by extension 'ros'
[0.597s] Level 1:colcon.colcon_core.package_identification:_identify(src) by extensions ['cmake', 'python']
[0.597s] Level 1:colcon.colcon_core.package_identification:_identify(src) by extension 'cmake'
[0.598s] Level 1:colcon.colcon_core.package_identification:_identify(src) by extension 'python'
[0.598s] Level 1:colcon.colcon_core.package_identification:_identify(src) by extensions ['python_setup_py']
[0.598s] Level 1:colcon.colcon_core.package_identification:_identify(src) by extension 'python_setup_py'
[0.598s] Level 1:colcon.colcon_core.package_identification:_identify(src/ros_robot_controller) by extensions ['ignore', 'ignore_ament_install']
[0.599s] Level 1:colcon.colcon_core.package_identification:_identify(src/ros_robot_controller) by extension 'ignore'
[0.599s] Level 1:colcon.colcon_core.package_identification:_identify(src/ros_robot_controller) by extension 'ignore_ament_install'
[0.599s] Level 1:colcon.colcon_core.package_identification:_identify(src/ros_robot_controller) by extensions ['colcon_pkg']
[0.599s] Level 1:colcon.colcon_core.package_identification:_identify(src/ros_robot_controller) by extension 'colcon_pkg'
[0.599s] Level 1:colcon.colcon_core.package_identification:_identify(src/ros_robot_controller) by extensions ['colcon_meta']
[0.599s] Level 1:colcon.colcon_core.package_identification:_identify(src/ros_robot_controller) by extension 'colcon_meta'
[0.599s] Level 1:colcon.colcon_core.package_identification:_identify(src/ros_robot_controller) by extensions ['ros']
[0.600s] Level 1:colcon.colcon_core.package_identification:_identify(src/ros_robot_controller) by extension 'ros'
[0.607s] DEBUG:colcon.colcon_core.package_identification:Package 'src/ros_robot_controller' with type 'ros.ament_python' and name 'ros_robot_controller'
[0.608s] Level 1:colcon.colcon_core.package_identification:_identify(src/ros_robot_controller_msgs) by extensions ['ignore', 'ignore_ament_install']
[0.608s] Level 1:colcon.colcon_core.package_identification:_identify(src/ros_robot_controller_msgs) by extension 'ignore'
[0.608s] Level 1:colcon.colcon_core.package_identification:_identify(src/ros_robot_controller_msgs) by extension 'ignore_ament_install'
[0.608s] Level 1:colcon.colcon_core.package_identification:_identify(src/ros_robot_controller_msgs) by extensions ['colcon_pkg']
[0.608s] Level 1:colcon.colcon_core.package_identification:_identify(src/ros_robot_controller_msgs) by extension 'colcon_pkg'
[0.608s] Level 1:colcon.colcon_core.package_identification:_identify(src/ros_robot_controller_msgs) by extensions ['colcon_meta']
[0.608s] Level 1:colcon.colcon_core.package_identification:_identify(src/ros_robot_controller_msgs) by extension 'colcon_meta'
[0.609s] Level 1:colcon.colcon_core.package_identification:_identify(src/ros_robot_controller_msgs) by extensions ['ros']
[0.609s] Level 1:colcon.colcon_core.package_identification:_identify(src/ros_robot_controller_msgs) by extension 'ros'
[0.610s] DEBUG:colcon.colcon_core.package_identification:Package 'src/ros_robot_controller_msgs' with type 'ros.ament_cmake' and name 'ros_robot_controller_msgs'
[0.610s] Level 1:colcon.colcon_core.package_discovery:discover_packages(recursive) using defaults
[0.610s] Level 1:colcon.colcon_core.package_discovery:discover_packages(ignore) discover
[0.610s] Level 1:colcon.colcon_core.package_discovery:discover_packages(ignore) using defaults
[0.610s] Level 1:colcon.colcon_core.package_discovery:discover_packages(path) discover
[0.610s] Level 1:colcon.colcon_core.package_discovery:discover_packages(path) using defaults
[0.654s] Level 1:colcon.colcon_core.package_discovery:discover_packages(prefix_path) check parameters
[0.655s] Level 1:colcon.colcon_core.package_discovery:discover_packages(prefix_path) discover
[0.657s] WARNING:colcon.colcon_ros.prefix_path.ament:The path '/home/damian/ros2_controller_ws/install/ros_robot_controller_msgs' in the environment variable AMENT_PREFIX_PATH doesn't exist
[0.657s] WARNING:colcon.colcon_ros.prefix_path.ament:The path '/home/damian/ros2_controller_ws/install/ros_robot_controller' in the environment variable AMENT_PREFIX_PATH doesn't exist
[0.658s] WARNING:colcon.colcon_ros.prefix_path.catkin:The path '/home/damian/ros2_controller_ws/install/ros_robot_controller_msgs' in the environment variable CMAKE_PREFIX_PATH doesn't exist
[0.660s] DEBUG:colcon.colcon_installed_package_information.package_discovery:Found 0 installed packages in /home/damian/ros2_controller_ws/install
[0.663s] DEBUG:colcon.colcon_installed_package_information.package_discovery:Found 285 installed packages in /opt/ros/jazzy
[0.665s] Level 1:colcon.colcon_core.package_discovery:discover_packages(prefix_path) using defaults
[0.788s] Level 5:colcon.colcon_core.verb:set package 'ros_robot_controller_msgs' build argument 'cmake_args' from command line to 'None'
[0.788s] Level 5:colcon.colcon_core.verb:set package 'ros_robot_controller_msgs' build argument 'cmake_target' from command line to 'None'
[0.788s] Level 5:colcon.colcon_core.verb:set package 'ros_robot_controller_msgs' build argument 'cmake_target_skip_unavailable' from command line to 'False'
[0.788s] Level 5:colcon.colcon_core.verb:set package 'ros_robot_controller_msgs' build argument 'cmake_clean_cache' from command line to 'False'
[0.788s] Level 5:colcon.colcon_core.verb:set package 'ros_robot_controller_msgs' build argument 'cmake_clean_first' from command line to 'False'
[0.788s] Level 5:colcon.colcon_core.verb:set package 'ros_robot_controller_msgs' build argument 'cmake_force_configure' from command line to 'False'
[0.788s] Level 5:colcon.colcon_core.verb:set package 'ros_robot_controller_msgs' build argument 'ament_cmake_args' from command line to 'None'
[0.788s] Level 5:colcon.colcon_core.verb:set package 'ros_robot_controller_msgs' build argument 'catkin_cmake_args' from command line to 'None'
[0.788s] Level 5:colcon.colcon_core.verb:set package 'ros_robot_controller_msgs' build argument 'catkin_skip_building_tests' from command line to 'False'
[0.788s] DEBUG:colcon.colcon_core.verb:Building package 'ros_robot_controller_msgs' with the following arguments: {'ament_cmake_args': None, 'build_base': '/home/damian/ros2_controller_ws/build/ros_robot_controller_msgs', 'catkin_cmake_args': None, 'catkin_skip_building_tests': False, 'cmake_args': None, 'cmake_clean_cache': False, 'cmake_clean_first': False, 'cmake_force_configure': False, 'cmake_target': None, 'cmake_target_skip_unavailable': False, 'install_base': '/home/damian/ros2_controller_ws/install/ros_robot_controller_msgs', 'merge_install': False, 'path': '/home/damian/ros2_controller_ws/src/ros_robot_controller_msgs', 'symlink_install': False, 'test_result_base': None}
[0.789s] Level 5:colcon.colcon_core.verb:set package 'ros_robot_controller' build argument 'cmake_args' from command line to 'None'
[0.789s] Level 5:colcon.colcon_core.verb:set package 'ros_robot_controller' build argument 'cmake_target' from command line to 'None'
[0.789s] Level 5:colcon.colcon_core.verb:set package 'ros_robot_controller' build argument 'cmake_target_skip_unavailable' from command line to 'False'
[0.789s] Level 5:colcon.colcon_core.verb:set package 'ros_robot_controller' build argument 'cmake_clean_cache' from command line to 'False'
[0.789s] Level 5:colcon.colcon_core.verb:set package 'ros_robot_controller' build argument 'cmake_clean_first' from command line to 'False'
[0.789s] Level 5:colcon.colcon_core.verb:set package 'ros_robot_controller' build argument 'cmake_force_configure' from command line to 'False'
[0.789s] Level 5:colcon.colcon_core.verb:set package 'ros_robot_controller' build argument 'ament_cmake_args' from command line to 'None'
[0.789s] Level 5:colcon.colcon_core.verb:set package 'ros_robot_controller' build argument 'catkin_cmake_args' from command line to 'None'
[0.789s] Level 5:colcon.colcon_core.verb:set package 'ros_robot_controller' build argument 'catkin_skip_building_tests' from command line to 'False'
[0.790s] DEBUG:colcon.colcon_core.verb:Building package 'ros_robot_controller' with the following arguments: {'ament_cmake_args': None, 'build_base': '/home/damian/ros2_controller_ws/build/ros_robot_controller', 'catkin_cmake_args': None, 'catkin_skip_building_tests': False, 'cmake_args': None, 'cmake_clean_cache': False, 'cmake_clean_first': False, 'cmake_force_configure': False, 'cmake_target': None, 'cmake_target_skip_unavailable': False, 'install_base': '/home/damian/ros2_controller_ws/install/ros_robot_controller', 'merge_install': False, 'path': '/home/damian/ros2_controller_ws/src/ros_robot_controller', 'symlink_install': False, 'test_result_base': None}
[0.790s] INFO:colcon.colcon_core.executor:Executing jobs using 'parallel' executor
[0.794s] DEBUG:colcon.colcon_parallel_executor.executor.parallel:run_until_complete
[0.795s] INFO:colcon.colcon_ros.task.ament_cmake.build:Building ROS package in '/home/damian/ros2_controller_ws/src/ros_robot_controller_msgs' with build type 'ament_cmake'
[0.795s] INFO:colcon.colcon_cmake.task.cmake.build:Building CMake package in '/home/damian/ros2_controller_ws/src/ros_robot_controller_msgs'
[0.801s] INFO:colcon.colcon_core.plugin_system:Skipping extension 'colcon_core.shell.bat': Not used on non-Windows systems
[0.802s] INFO:colcon.colcon_core.shell:Skip shell extension 'powershell' for command environment: Not usable outside of PowerShell
[0.802s] DEBUG:colcon.colcon_core.shell:Skip shell extension 'dsv' for command environment
[0.822s] DEBUG:colcon.colcon_core.event_handler.log_command:Invoking command in '/home/damian/ros2_controller_ws/build/ros_robot_controller_msgs': CMAKE_PREFIX_PATH=${CMAKE_PREFIX_PATH}:/home/damian/ros2_controller_ws/install/ros_robot_controller:/opt/ros/jazzy DEBUGINFOD_URLS=https://debuginfod.ubuntu.com /usr/bin/cmake /home/damian/ros2_controller_ws/src/ros_robot_controller_msgs -DCMAKE_INSTALL_PREFIX=/home/damian/ros2_controller_ws/install/ros_robot_controller_msgs
[10.693s] DEBUG:colcon.colcon_core.event_handler.log_command:Invoked command in '/home/damian/ros2_controller_ws/build/ros_robot_controller_msgs' returned '0': CMAKE_PREFIX_PATH=${CMAKE_PREFIX_PATH}:/home/damian/ros2_controller_ws/install/ros_robot_controller:/opt/ros/jazzy DEBUGINFOD_URLS=https://debuginfod.ubuntu.com /usr/bin/cmake /home/damian/ros2_controller_ws/src/ros_robot_controller_msgs -DCMAKE_INSTALL_PREFIX=/home/damian/ros2_controller_ws/install/ros_robot_controller_msgs
[10.696s] DEBUG:colcon.colcon_core.event_handler.log_command:Invoking command in '/home/damian/ros2_controller_ws/build/ros_robot_controller_msgs': CMAKE_PREFIX_PATH=${CMAKE_PREFIX_PATH}:/home/damian/ros2_controller_ws/install/ros_robot_controller:/opt/ros/jazzy DEBUGINFOD_URLS=https://debuginfod.ubuntu.com /usr/bin/cmake --build /home/damian/ros2_controller_ws/build/ros_robot_controller_msgs -- -j4 -l4
[149.362s] DEBUG:colcon.colcon_core.event_handler.log_command:Invoked command in '/home/damian/ros2_controller_ws/build/ros_robot_controller_msgs' returned '0': CMAKE_PREFIX_PATH=${CMAKE_PREFIX_PATH}:/home/damian/ros2_controller_ws/install/ros_robot_controller:/opt/ros/jazzy DEBUGINFOD_URLS=https://debuginfod.ubuntu.com /usr/bin/cmake --build /home/damian/ros2_controller_ws/build/ros_robot_controller_msgs -- -j4 -l4
[150.997s] DEBUG:colcon.colcon_core.event_handler.log_command:Invoking command in '/home/damian/ros2_controller_ws/build/ros_robot_controller_msgs': CMAKE_PREFIX_PATH=${CMAKE_PREFIX_PATH}:/home/damian/ros2_controller_ws/install/ros_robot_controller:/opt/ros/jazzy DEBUGINFOD_URLS=https://debuginfod.ubuntu.com /usr/bin/cmake --install /home/damian/ros2_controller_ws/build/ros_robot_controller_msgs
[151.406s] Level 1:colcon.colcon_core.environment:create_environment_scripts_only(ros_robot_controller_msgs)
[151.411s] DEBUG:colcon.colcon_core.event_handler.log_command:Invoked command in '/home/damian/ros2_controller_ws/build/ros_robot_controller_msgs' returned '0': CMAKE_PREFIX_PATH=${CMAKE_PREFIX_PATH}:/home/damian/ros2_controller_ws/install/ros_robot_controller:/opt/ros/jazzy DEBUGINFOD_URLS=https://debuginfod.ubuntu.com /usr/bin/cmake --install /home/damian/ros2_controller_ws/build/ros_robot_controller_msgs
[151.416s] Level 1:colcon.colcon_core.environment:checking '/home/damian/ros2_controller_ws/install/ros_robot_controller_msgs' for CMake module files
[151.417s] Level 1:colcon.colcon_core.environment:checking '/home/damian/ros2_controller_ws/install/ros_robot_controller_msgs' for CMake config files
[151.419s] Level 1:colcon.colcon_core.shell:create_environment_hook('ros_robot_controller_msgs', 'cmake_prefix_path')
[151.420s] INFO:colcon.colcon_core.shell:Creating environment hook '/home/damian/ros2_controller_ws/install/ros_robot_controller_msgs/share/ros_robot_controller_msgs/hook/cmake_prefix_path.ps1'
[151.422s] INFO:colcon.colcon_core.shell:Creating environment descriptor '/home/damian/ros2_controller_ws/install/ros_robot_controller_msgs/share/ros_robot_controller_msgs/hook/cmake_prefix_path.dsv'
[151.423s] INFO:colcon.colcon_core.shell:Creating environment hook '/home/damian/ros2_controller_ws/install/ros_robot_controller_msgs/share/ros_robot_controller_msgs/hook/cmake_prefix_path.sh'
[151.426s] Level 1:colcon.colcon_core.environment:checking '/home/damian/ros2_controller_ws/install/ros_robot_controller_msgs/lib'
[151.426s] Level 1:colcon.colcon_core.shell:create_environment_hook('ros_robot_controller_msgs', 'ld_library_path_lib')
[151.427s] INFO:colcon.colcon_core.shell:Creating environment hook '/home/damian/ros2_controller_ws/install/ros_robot_controller_msgs/share/ros_robot_controller_msgs/hook/ld_library_path_lib.ps1'
[151.428s] INFO:colcon.colcon_core.shell:Creating environment descriptor '/home/damian/ros2_controller_ws/install/ros_robot_controller_msgs/share/ros_robot_controller_msgs/hook/ld_library_path_lib.dsv'
[151.429s] INFO:colcon.colcon_core.shell:Creating environment hook '/home/damian/ros2_controller_ws/install/ros_robot_controller_msgs/share/ros_robot_controller_msgs/hook/ld_library_path_lib.sh'
[151.430s] Level 1:colcon.colcon_core.environment:checking '/home/damian/ros2_controller_ws/install/ros_robot_controller_msgs/bin'
[151.430s] Level 1:colcon.colcon_core.environment:checking '/home/damian/ros2_controller_ws/install/ros_robot_controller_msgs/lib/pkgconfig/ros_robot_controller_msgs.pc'
[151.431s] Level 1:colcon.colcon_core.environment:checking '/home/damian/ros2_controller_ws/install/ros_robot_controller_msgs/lib/python3.12/site-packages'
[151.431s] Level 1:colcon.colcon_core.shell:create_environment_hook('ros_robot_controller_msgs', 'pythonpath')
[151.432s] INFO:colcon.colcon_core.shell:Creating environment hook '/home/damian/ros2_controller_ws/install/ros_robot_controller_msgs/share/ros_robot_controller_msgs/hook/pythonpath.ps1'
[151.433s] INFO:colcon.colcon_core.shell:Creating environment descriptor '/home/damian/ros2_controller_ws/install/ros_robot_controller_msgs/share/ros_robot_controller_msgs/hook/pythonpath.dsv'
[151.434s] INFO:colcon.colcon_core.shell:Creating environment hook '/home/damian/ros2_controller_ws/install/ros_robot_controller_msgs/share/ros_robot_controller_msgs/hook/pythonpath.sh'
[151.435s] Level 1:colcon.colcon_core.environment:checking '/home/damian/ros2_controller_ws/install/ros_robot_controller_msgs/bin'
[151.436s] INFO:colcon.colcon_core.shell:Creating package script '/home/damian/ros2_controller_ws/install/ros_robot_controller_msgs/share/ros_robot_controller_msgs/package.ps1'
[151.438s] INFO:colcon.colcon_core.shell:Creating package descriptor '/home/damian/ros2_controller_ws/install/ros_robot_controller_msgs/share/ros_robot_controller_msgs/package.dsv'
[151.439s] INFO:colcon.colcon_core.shell:Creating package script '/home/damian/ros2_controller_ws/install/ros_robot_controller_msgs/share/ros_robot_controller_msgs/package.sh'
[151.440s] INFO:colcon.colcon_core.shell:Creating package script '/home/damian/ros2_controller_ws/install/ros_robot_controller_msgs/share/ros_robot_controller_msgs/package.bash'
[151.441s] INFO:colcon.colcon_core.shell:Creating package script '/home/damian/ros2_controller_ws/install/ros_robot_controller_msgs/share/ros_robot_controller_msgs/package.zsh'
[151.442s] Level 1:colcon.colcon_core.environment:create_file_with_runtime_dependencies(/home/damian/ros2_controller_ws/install/ros_robot_controller_msgs/share/colcon-core/packages/ros_robot_controller_msgs)
[152.502s] Level 1:colcon.colcon_core.environment:create_environment_scripts_only(ros_robot_controller_msgs)
[152.503s] Level 1:colcon.colcon_core.environment:checking '/home/damian/ros2_controller_ws/install/ros_robot_controller_msgs' for CMake module files
[152.504s] Level 1:colcon.colcon_core.environment:checking '/home/damian/ros2_controller_ws/install/ros_robot_controller_msgs' for CMake config files
[152.505s] Level 1:colcon.colcon_core.shell:create_environment_hook('ros_robot_controller_msgs', 'cmake_prefix_path')
[152.506s] INFO:colcon.colcon_core.shell:Creating environment hook '/home/damian/ros2_controller_ws/install/ros_robot_controller_msgs/share/ros_robot_controller_msgs/hook/cmake_prefix_path.ps1'
[152.508s] INFO:colcon.colcon_core.shell:Creating environment descriptor '/home/damian/ros2_controller_ws/install/ros_robot_controller_msgs/share/ros_robot_controller_msgs/hook/cmake_prefix_path.dsv'
[152.509s] INFO:colcon.colcon_core.shell:Creating environment hook '/home/damian/ros2_controller_ws/install/ros_robot_controller_msgs/share/ros_robot_controller_msgs/hook/cmake_prefix_path.sh'
[152.512s] Level 1:colcon.colcon_core.environment:checking '/home/damian/ros2_controller_ws/install/ros_robot_controller_msgs/lib'
[152.513s] Level 1:colcon.colcon_core.shell:create_environment_hook('ros_robot_controller_msgs', 'ld_library_path_lib')
[152.514s] INFO:colcon.colcon_core.shell:Creating environment hook '/home/damian/ros2_controller_ws/install/ros_robot_controller_msgs/share/ros_robot_controller_msgs/hook/ld_library_path_lib.ps1'
[152.516s] INFO:colcon.colcon_core.shell:Creating environment descriptor '/home/damian/ros2_controller_ws/install/ros_robot_controller_msgs/share/ros_robot_controller_msgs/hook/ld_library_path_lib.dsv'
[152.517s] INFO:colcon.colcon_core.shell:Creating environment hook '/home/damian/ros2_controller_ws/install/ros_robot_controller_msgs/share/ros_robot_controller_msgs/hook/ld_library_path_lib.sh'
[152.520s] Level 1:colcon.colcon_core.environment:checking '/home/damian/ros2_controller_ws/install/ros_robot_controller_msgs/bin'
[152.520s] Level 1:colcon.colcon_core.environment:checking '/home/damian/ros2_controller_ws/install/ros_robot_controller_msgs/lib/pkgconfig/ros_robot_controller_msgs.pc'
[152.521s] Level 1:colcon.colcon_core.environment:checking '/home/damian/ros2_controller_ws/install/ros_robot_controller_msgs/lib/python3.12/site-packages'
[152.521s] Level 1:colcon.colcon_core.shell:create_environment_hook('ros_robot_controller_msgs', 'pythonpath')
[152.521s] INFO:colcon.colcon_core.shell:Creating environment hook '/home/damian/ros2_controller_ws/install/ros_robot_controller_msgs/share/ros_robot_controller_msgs/hook/pythonpath.ps1'
[152.523s] INFO:colcon.colcon_core.shell:Creating environment descriptor '/home/damian/ros2_controller_ws/install/ros_robot_controller_msgs/share/ros_robot_controller_msgs/hook/pythonpath.dsv'
[152.525s] INFO:colcon.colcon_core.shell:Creating environment hook '/home/damian/ros2_controller_ws/install/ros_robot_controller_msgs/share/ros_robot_controller_msgs/hook/pythonpath.sh'
[152.527s] Level 1:colcon.colcon_core.environment:checking '/home/damian/ros2_controller_ws/install/ros_robot_controller_msgs/bin'
[152.529s] INFO:colcon.colcon_core.shell:Creating package script '/home/damian/ros2_controller_ws/install/ros_robot_controller_msgs/share/ros_robot_controller_msgs/package.ps1'
[152.531s] INFO:colcon.colcon_core.shell:Creating package descriptor '/home/damian/ros2_controller_ws/install/ros_robot_controller_msgs/share/ros_robot_controller_msgs/package.dsv'
[152.534s] INFO:colcon.colcon_core.shell:Creating package script '/home/damian/ros2_controller_ws/install/ros_robot_controller_msgs/share/ros_robot_controller_msgs/package.sh'
[152.536s] INFO:colcon.colcon_core.shell:Creating package script '/home/damian/ros2_controller_ws/install/ros_robot_controller_msgs/share/ros_robot_controller_msgs/package.bash'
[152.538s] INFO:colcon.colcon_core.shell:Creating package script '/home/damian/ros2_controller_ws/install/ros_robot_controller_msgs/share/ros_robot_controller_msgs/package.zsh'
[152.540s] Level 1:colcon.colcon_core.environment:create_file_with_runtime_dependencies(/home/damian/ros2_controller_ws/install/ros_robot_controller_msgs/share/colcon-core/packages/ros_robot_controller_msgs)
[152.540s] INFO:colcon.colcon_ros.task.ament_python.build:Building ROS package in '/home/damian/ros2_controller_ws/src/ros_robot_controller' with build type 'ament_python'
[152.541s] Level 1:colcon.colcon_core.shell:create_environment_hook('ros_robot_controller', 'ament_prefix_path')
[152.541s] INFO:colcon.colcon_core.shell:Creating environment hook '/home/damian/ros2_controller_ws/install/ros_robot_controller/share/ros_robot_controller/hook/ament_prefix_path.ps1'
[152.545s] INFO:colcon.colcon_core.shell:Creating environment descriptor '/home/damian/ros2_controller_ws/install/ros_robot_controller/share/ros_robot_controller/hook/ament_prefix_path.dsv'
[152.547s] INFO:colcon.colcon_core.shell:Creating environment hook '/home/damian/ros2_controller_ws/install/ros_robot_controller/share/ros_robot_controller/hook/ament_prefix_path.sh'
[152.549s] INFO:colcon.colcon_core.shell:Skip shell extension 'powershell' for command environment: Not usable outside of PowerShell
[152.549s] DEBUG:colcon.colcon_core.shell:Skip shell extension 'dsv' for command environment
[153.147s] INFO:colcon.colcon_core.task.python.build:Building Python package in '/home/damian/ros2_controller_ws/src/ros_robot_controller'
[153.148s] INFO:colcon.colcon_core.shell:Skip shell extension 'powershell' for command environment: Not usable outside of PowerShell
[153.148s] DEBUG:colcon.colcon_core.shell:Skip shell extension 'dsv' for command environment
[154.875s] DEBUG:colcon.colcon_core.event_handler.log_command:Invoking command in '/home/damian/ros2_controller_ws/src/ros_robot_controller': DEBUGINFOD_URLS=https://debuginfod.ubuntu.com PYTHONPATH=/home/damian/ros2_controller_ws/build/ros_robot_controller/prefix_override:/usr/lib/python3/dist-packages/colcon_core/task/python/colcon_distutils_commands:/home/damian/ros2_controller_ws/install/ros_robot_controller/lib/python3.12/site-packages:/home/damian/ros2_controller_ws/install/ros_robot_controller_msgs/lib/python3.12/site-packages:/home/damian/ros2_controller_ws/build/ros_robot_controller:/home/damian/ros2_controller_ws/install/ros_robot_controller/lib/python3.12/site-packages:/opt/ros/jazzy/lib/python3.12/site-packages /usr/bin/python3 -W ignore:setup.py install is deprecated setup.py egg_info --egg-base ../../build/ros_robot_controller build --build-base /home/damian/ros2_controller_ws/build/ros_robot_controller/build install --record /home/damian/ros2_controller_ws/build/ros_robot_controller/install.log --single-version-externally-managed install_data
[156.610s] Level 1:colcon.colcon_core.environment:checking '/home/damian/ros2_controller_ws/install/ros_robot_controller' for CMake module files
[156.612s] DEBUG:colcon.colcon_core.event_handler.log_command:Invoked command in '/home/damian/ros2_controller_ws/src/ros_robot_controller' returned '0': DEBUGINFOD_URLS=https://debuginfod.ubuntu.com PYTHONPATH=/home/damian/ros2_controller_ws/build/ros_robot_controller/prefix_override:/usr/lib/python3/dist-packages/colcon_core/task/python/colcon_distutils_commands:/home/damian/ros2_controller_ws/install/ros_robot_controller/lib/python3.12/site-packages:/home/damian/ros2_controller_ws/install/ros_robot_controller_msgs/lib/python3.12/site-packages:/home/damian/ros2_controller_ws/build/ros_robot_controller:/home/damian/ros2_controller_ws/install/ros_robot_controller/lib/python3.12/site-packages:/opt/ros/jazzy/lib/python3.12/site-packages /usr/bin/python3 -W ignore:setup.py install is deprecated setup.py egg_info --egg-base ../../build/ros_robot_controller build --build-base /home/damian/ros2_controller_ws/build/ros_robot_controller/build install --record /home/damian/ros2_controller_ws/build/ros_robot_controller/install.log --single-version-externally-managed install_data
[156.613s] Level 1:colcon.colcon_core.environment:checking '/home/damian/ros2_controller_ws/install/ros_robot_controller' for CMake config files
[156.615s] Level 1:colcon.colcon_core.environment:checking '/home/damian/ros2_controller_ws/install/ros_robot_controller/lib'
[156.615s] Level 1:colcon.colcon_core.environment:checking '/home/damian/ros2_controller_ws/install/ros_robot_controller/bin'
[156.615s] Level 1:colcon.colcon_core.environment:checking '/home/damian/ros2_controller_ws/install/ros_robot_controller/lib/pkgconfig/ros_robot_controller.pc'
[156.616s] Level 1:colcon.colcon_core.environment:checking '/home/damian/ros2_controller_ws/install/ros_robot_controller/lib/python3.12/site-packages'
[156.616s] Level 1:colcon.colcon_core.shell:create_environment_hook('ros_robot_controller', 'pythonpath')
[156.617s] INFO:colcon.colcon_core.shell:Creating environment hook '/home/damian/ros2_controller_ws/install/ros_robot_controller/share/ros_robot_controller/hook/pythonpath.ps1'
[156.619s] INFO:colcon.colcon_core.shell:Creating environment descriptor '/home/damian/ros2_controller_ws/install/ros_robot_controller/share/ros_robot_controller/hook/pythonpath.dsv'
[156.620s] INFO:colcon.colcon_core.shell:Creating environment hook '/home/damian/ros2_controller_ws/install/ros_robot_controller/share/ros_robot_controller/hook/pythonpath.sh'
[156.621s] Level 1:colcon.colcon_core.environment:checking '/home/damian/ros2_controller_ws/install/ros_robot_controller/bin'
[156.622s] Level 1:colcon.colcon_core.environment:create_environment_scripts_only(ros_robot_controller)
[156.622s] INFO:colcon.colcon_core.shell:Creating package script '/home/damian/ros2_controller_ws/install/ros_robot_controller/share/ros_robot_controller/package.ps1'
[156.625s] INFO:colcon.colcon_core.shell:Creating package descriptor '/home/damian/ros2_controller_ws/install/ros_robot_controller/share/ros_robot_controller/package.dsv'
[156.627s] INFO:colcon.colcon_core.shell:Creating package script '/home/damian/ros2_controller_ws/install/ros_robot_controller/share/ros_robot_controller/package.sh'
[156.629s] INFO:colcon.colcon_core.shell:Creating package script '/home/damian/ros2_controller_ws/install/ros_robot_controller/share/ros_robot_controller/package.bash'
[156.630s] INFO:colcon.colcon_core.shell:Creating package script '/home/damian/ros2_controller_ws/install/ros_robot_controller/share/ros_robot_controller/package.zsh'
[156.632s] Level 1:colcon.colcon_core.environment:create_file_with_runtime_dependencies(/home/damian/ros2_controller_ws/install/ros_robot_controller/share/colcon-core/packages/ros_robot_controller)
[156.636s] DEBUG:colcon.colcon_parallel_executor.executor.parallel:closing loop
[156.636s] DEBUG:colcon.colcon_parallel_executor.executor.parallel:loop closed
[156.636s] DEBUG:colcon.colcon_parallel_executor.executor.parallel:run_until_complete finished with '0'
[156.637s] DEBUG:colcon.colcon_core.event_reactor:joining thread
[156.652s] INFO:colcon.colcon_core.plugin_system:Skipping extension 'colcon_notification.desktop_notification.terminal_notifier': Not used on non-Darwin systems
[156.652s] INFO:colcon.colcon_core.plugin_system:Skipping extension 'colcon_notification.desktop_notification.win32': Not used on non-Windows systems
[156.652s] INFO:colcon.colcon_notification.desktop_notification:Sending desktop notification using 'notify2'
[156.703s] DEBUG:colcon.colcon_core.event_reactor:joined thread
[156.704s] INFO:colcon.colcon_core.shell:Creating prefix script '/home/damian/ros2_controller_ws/install/local_setup.ps1'
[156.706s] INFO:colcon.colcon_core.shell:Creating prefix util module '/home/damian/ros2_controller_ws/install/_local_setup_util_ps1.py'
[156.710s] INFO:colcon.colcon_core.shell:Creating prefix chain script '/home/damian/ros2_controller_ws/install/setup.ps1'
[156.713s] INFO:colcon.colcon_core.shell:Creating prefix script '/home/damian/ros2_controller_ws/install/local_setup.sh'
[156.715s] INFO:colcon.colcon_core.shell:Creating prefix util module '/home/damian/ros2_controller_ws/install/_local_setup_util_sh.py'
[156.717s] INFO:colcon.colcon_core.shell:Creating prefix chain script '/home/damian/ros2_controller_ws/install/setup.sh'
[156.721s] INFO:colcon.colcon_core.shell:Creating prefix script '/home/damian/ros2_controller_ws/install/local_setup.bash'
[156.723s] INFO:colcon.colcon_core.shell:Creating prefix chain script '/home/damian/ros2_controller_ws/install/setup.bash'
[156.726s] INFO:colcon.colcon_core.shell:Creating prefix script '/home/damian/ros2_controller_ws/install/local_setup.zsh'
[156.728s] INFO:colcon.colcon_core.shell:Creating prefix chain script '/home/damian/ros2_controller_ws/install/setup.zsh'
